[28Jan2025 00:00:00.005] [ftbbackups2_Worker-1/INFO] [net.creeperhost.ftbbackups.FTBBackups/]: Attempting to create an automatic backup
[28Jan2025 00:00:00.008] [ftbbackups2_Worker-1/INFO] [net.creeperhost.ftbbackups.FTBBackups/]: Found world folder at C:\Users\holyhedron\AppData\Roaming\PrismLauncher\instances\Decagon20\.minecraft\saves\New World\.
[28Jan2025 00:00:00.051] [ftbbackups2_Worker-1/INFO] [net.creeperhost.ftbbackups.FTBBackups/]: Last backup size: 13.4MB Current world size: 52.4MB Current Available space: 62.9GB ExpectedSize 32.9MB
[28Jan2025 00:00:00.052] [ftbbackups2_Worker-1/INFO] [net.creeperhost.ftbbackups.FTBBackups/]: Setting world minecraft:overworld save state to true
[28Jan2025 00:00:00.052] [ftbbackups2_Worker-1/INFO] [net.creeperhost.ftbbackups.FTBBackups/]: Setting world minecraft:the_nether save state to true
[28Jan2025 00:00:00.052] [ftbbackups2_Worker-1/INFO] [net.creeperhost.ftbbackups.FTBBackups/]: Setting world bloodmagic:dungeon save state to true
[28Jan2025 00:00:00.052] [ftbbackups2_Worker-1/INFO] [net.creeperhost.ftbbackups.FTBBackups/]: Setting world minecraft:the_end save state to true
[28Jan2025 00:00:00.052] [ftbbackups2_Worker-1/INFO] [net.creeperhost.ftbbackups.FTBBackups/]: Setting world ad_astra:mercury_orbit save state to true
[28Jan2025 00:00:00.052] [ftbbackups2_Worker-1/INFO] [net.creeperhost.ftbbackups.FTBBackups/]: Setting world ad_astra:moon save state to true
[28Jan2025 00:00:00.052] [ftbbackups2_Worker-1/INFO] [net.creeperhost.ftbbackups.FTBBackups/]: Setting world ad_astra:venus save state to true
[28Jan2025 00:00:00.052] [ftbbackups2_Worker-1/INFO] [net.creeperhost.ftbbackups.FTBBackups/]: Setting world ad_astra:glacio save state to true
[28Jan2025 00:00:00.052] [ftbbackups2_Worker-1/INFO] [net.creeperhost.ftbbackups.FTBBackups/]: Setting world ad_astra:mars save state to true
[28Jan2025 00:00:00.052] [ftbbackups2_Worker-1/INFO] [net.creeperhost.ftbbackups.FTBBackups/]: Setting world blue_skies:everdawn save state to true
[28Jan2025 00:00:00.052] [ftbbackups2_Worker-1/INFO] [net.creeperhost.ftbbackups.FTBBackups/]: Setting world ad_astra:moon_orbit save state to true
[28Jan2025 00:00:00.052] [ftbbackups2_Worker-1/INFO] [net.creeperhost.ftbbackups.FTBBackups/]: Setting world aether:the_aether save state to true
[28Jan2025 00:00:00.052] [ftbbackups2_Worker-1/INFO] [net.creeperhost.ftbbackups.FTBBackups/]: Setting world allthemodium:the_beyond save state to true
[28Jan2025 00:00:00.052] [ftbbackups2_Worker-1/INFO] [net.creeperhost.ftbbackups.FTBBackups/]: Setting world ad_astra:mercury save state to true
[28Jan2025 00:00:00.052] [ftbbackups2_Worker-1/INFO] [net.creeperhost.ftbbackups.FTBBackups/]: Setting world allthemodium:the_other save state to true
[28Jan2025 00:00:00.052] [ftbbackups2_Worker-1/INFO] [net.creeperhost.ftbbackups.FTBBackups/]: Setting world blue_skies:everbright save state to true
[28Jan2025 00:00:00.052] [ftbbackups2_Worker-1/INFO] [net.creeperhost.ftbbackups.FTBBackups/]: Setting world ad_astra:mars_orbit save state to true
[28Jan2025 00:00:00.052] [ftbbackups2_Worker-1/INFO] [net.creeperhost.ftbbackups.FTBBackups/]: Setting world doom:doom_hell save state to true
[28Jan2025 00:00:00.052] [ftbbackups2_Worker-1/INFO] [net.creeperhost.ftbbackups.FTBBackups/]: Setting world allthemodium:mining save state to true
[28Jan2025 00:00:00.052] [ftbbackups2_Worker-1/INFO] [net.creeperhost.ftbbackups.FTBBackups/]: Setting world ad_astra:venus_orbit save state to true
[28Jan2025 00:00:00.052] [ftbbackups2_Worker-1/INFO] [net.creeperhost.ftbbackups.FTBBackups/]: Setting world deeperdarker:otherside save state to true
[28Jan2025 00:00:00.052] [ftbbackups2_Worker-1/INFO] [net.creeperhost.ftbbackups.FTBBackups/]: Setting world ad_astra:earth_orbit save state to true
[28Jan2025 00:00:00.052] [ftbbackups2_Worker-1/INFO] [net.creeperhost.ftbbackups.FTBBackups/]: Setting world ad_astra:glacio_orbit save state to true
[28Jan2025 00:00:00.052] [ftbbackups2_Worker-1/INFO] [net.creeperhost.ftbbackups.FTBBackups/]: Setting world ae2:spatial_storage save state to true
[28Jan2025 00:00:00.053] [ftbbackups2_Worker-1/INFO] [net.creeperhost.ftbbackups.FTBBackups/]: Writing to file C:\Users\holyhedron\AppData\Roaming\PrismLauncher\instances\Decagon20\.minecraft\backups\backups.json
[28Jan2025 00:00:00.053] [FTB Backups backup thread 0/INFO] [net.creeperhost.ftbbackups.FTBBackups/]: Waiting for world save to complete.
[28Jan2025 00:00:00.382] [Render thread/INFO] [net.minecraft.client.gui.components.ChatComponent/]: [System] [CHAT] Starting Server backup
[28Jan2025 00:00:00.537] [FTB Backups backup thread 0/INFO] [net.creeperhost.levelio.loader.SaveInfo/]: Detected MC Version 1.20.1, Data version 3465
[28Jan2025 00:00:00.537] [FTB Backups backup thread 0/INFO] [net.creeperhost.levelio.loader.SaveInfo/]: Save Name: New World
[28Jan2025 00:00:00.574] [FTB Backups backup thread 0/WARN] [net.creeperhost.levelio.data.Level/]: Did not find a region folder for level: C:\Users\holyhedron\AppData\Roaming\PrismLauncher\instances\Decagon20\.minecraft\saves\New World\.\DIM1
[28Jan2025 00:00:00.574] [FTB Backups backup thread 0/WARN] [net.creeperhost.levelio.loader.LevelLoader/]: Found possible mod dimension with no region folder ad_astra:earth_orbit
[28Jan2025 00:00:00.574] [FTB Backups backup thread 0/WARN] [net.creeperhost.levelio.loader.LevelLoader/]: Found possible mod dimension with no region folder ad_astra:glacio
[28Jan2025 00:00:00.574] [FTB Backups backup thread 0/WARN] [net.creeperhost.levelio.loader.LevelLoader/]: Found possible mod dimension with no region folder ad_astra:glacio_orbit
[28Jan2025 00:00:00.574] [FTB Backups backup thread 0/WARN] [net.creeperhost.levelio.loader.LevelLoader/]: Found possible mod dimension with no region folder ad_astra:mars
[28Jan2025 00:00:00.575] [FTB Backups backup thread 0/WARN] [net.creeperhost.levelio.loader.LevelLoader/]: Found possible mod dimension with no region folder ad_astra:mars_orbit
[28Jan2025 00:00:00.575] [FTB Backups backup thread 0/WARN] [net.creeperhost.levelio.loader.LevelLoader/]: Found possible mod dimension with no region folder ad_astra:mercury
[28Jan2025 00:00:00.575] [FTB Backups backup thread 0/WARN] [net.creeperhost.levelio.loader.LevelLoader/]: Found possible mod dimension with no region folder ad_astra:mercury_orbit
[28Jan2025 00:00:00.575] [FTB Backups backup thread 0/WARN] [net.creeperhost.levelio.loader.LevelLoader/]: Found possible mod dimension with no region folder ad_astra:moon
[28Jan2025 00:00:00.575] [FTB Backups backup thread 0/WARN] [net.creeperhost.levelio.loader.LevelLoader/]: Found possible mod dimension with no region folder ad_astra:moon_orbit
[28Jan2025 00:00:00.575] [FTB Backups backup thread 0/WARN] [net.creeperhost.levelio.loader.LevelLoader/]: Found possible mod dimension with no region folder ad_astra:venus
[28Jan2025 00:00:00.575] [FTB Backups backup thread 0/WARN] [net.creeperhost.levelio.loader.LevelLoader/]: Found possible mod dimension with no region folder ad_astra:venus_orbit
[28Jan2025 00:00:00.575] [FTB Backups backup thread 0/WARN] [net.creeperhost.levelio.loader.LevelLoader/]: Found possible mod dimension with no region folder ae2:spatial_storage
[28Jan2025 00:00:00.575] [FTB Backups backup thread 0/WARN] [net.creeperhost.levelio.loader.LevelLoader/]: Found possible mod dimension with no region folder aether:the_aether
[28Jan2025 00:00:00.575] [FTB Backups backup thread 0/WARN] [net.creeperhost.levelio.loader.LevelLoader/]: Found possible mod dimension with no region folder allthemodium:mining
[28Jan2025 00:00:00.575] [FTB Backups backup thread 0/WARN] [net.creeperhost.levelio.loader.LevelLoader/]: Found possible mod dimension with no region folder allthemodium:the_beyond
[28Jan2025 00:00:00.575] [FTB Backups backup thread 0/WARN] [net.creeperhost.levelio.loader.LevelLoader/]: Found possible mod dimension with no region folder allthemodium:the_other
[28Jan2025 00:00:00.575] [FTB Backups backup thread 0/WARN] [net.creeperhost.levelio.loader.LevelLoader/]: Found possible mod dimension with no region folder bloodmagic:dungeon
[28Jan2025 00:00:00.576] [FTB Backups backup thread 0/WARN] [net.creeperhost.levelio.loader.LevelLoader/]: Found possible mod dimension with no region folder blue_skies:everbright
[28Jan2025 00:00:00.576] [FTB Backups backup thread 0/WARN] [net.creeperhost.levelio.loader.LevelLoader/]: Found possible mod dimension with no region folder blue_skies:everdawn
[28Jan2025 00:00:00.576] [FTB Backups backup thread 0/WARN] [net.creeperhost.levelio.loader.LevelLoader/]: Found possible mod dimension with no region folder deeperdarker:otherside
[28Jan2025 00:00:00.576] [FTB Backups backup thread 0/WARN] [net.creeperhost.levelio.loader.LevelLoader/]: Found possible mod dimension with no region folder doom:doom_hell
[28Jan2025 00:00:02.393] [FTB Backups backup thread 0/INFO] [net.creeperhost.ftbbackups.FTBBackups/]: Backup preview created, Scan took 250ms, Capture took 1740ms
[28Jan2025 00:00:03.751] [FTB Backups backup thread 0/INFO] [net.creeperhost.ftbbackups.FTBBackups/]: Setting world minecraft:overworld save state to false
[28Jan2025 00:00:03.751] [FTB Backups backup thread 0/INFO] [net.creeperhost.ftbbackups.FTBBackups/]: Setting world minecraft:the_nether save state to false
[28Jan2025 00:00:03.751] [FTB Backups backup thread 0/INFO] [net.creeperhost.ftbbackups.FTBBackups/]: Setting world bloodmagic:dungeon save state to false
[28Jan2025 00:00:03.751] [FTB Backups backup thread 0/INFO] [net.creeperhost.ftbbackups.FTBBackups/]: Setting world minecraft:the_end save state to false
[28Jan2025 00:00:03.751] [FTB Backups backup thread 0/INFO] [net.creeperhost.ftbbackups.FTBBackups/]: Setting world ad_astra:mercury_orbit save state to false
[28Jan2025 00:00:03.751] [FTB Backups backup thread 0/INFO] [net.creeperhost.ftbbackups.FTBBackups/]: Setting world ad_astra:moon save state to false
[28Jan2025 00:00:03.751] [FTB Backups backup thread 0/INFO] [net.creeperhost.ftbbackups.FTBBackups/]: Setting world ad_astra:venus save state to false
[28Jan2025 00:00:03.751] [FTB Backups backup thread 0/INFO] [net.creeperhost.ftbbackups.FTBBackups/]: Setting world ad_astra:glacio save state to false
[28Jan2025 00:00:03.751] [FTB Backups backup thread 0/INFO] [net.creeperhost.ftbbackups.FTBBackups/]: Setting world ad_astra:mars save state to false
[28Jan2025 00:00:03.751] [FTB Backups backup thread 0/INFO] [net.creeperhost.ftbbackups.FTBBackups/]: Setting world blue_skies:everdawn save state to false
[28Jan2025 00:00:03.751] [FTB Backups backup thread 0/INFO] [net.creeperhost.ftbbackups.FTBBackups/]: Setting world ad_astra:moon_orbit save state to false
[28Jan2025 00:00:03.751] [FTB Backups backup thread 0/INFO] [net.creeperhost.ftbbackups.FTBBackups/]: Setting world aether:the_aether save state to false
[28Jan2025 00:00:03.751] [FTB Backups backup thread 0/INFO] [net.creeperhost.ftbbackups.FTBBackups/]: Setting world allthemodium:the_beyond save state to false
[28Jan2025 00:00:03.751] [FTB Backups backup thread 0/INFO] [net.creeperhost.ftbbackups.FTBBackups/]: Setting world ad_astra:mercury save state to false
[28Jan2025 00:00:03.751] [FTB Backups backup thread 0/INFO] [net.creeperhost.ftbbackups.FTBBackups/]: Setting world allthemodium:the_other save state to false
[28Jan2025 00:00:03.751] [FTB Backups backup thread 0/INFO] [net.creeperhost.ftbbackups.FTBBackups/]: Setting world blue_skies:everbright save state to false
[28Jan2025 00:00:03.751] [FTB Backups backup thread 0/INFO] [net.creeperhost.ftbbackups.FTBBackups/]: Setting world ad_astra:mars_orbit save state to false
[28Jan2025 00:00:03.751] [FTB Backups backup thread 0/INFO] [net.creeperhost.ftbbackups.FTBBackups/]: Setting world doom:doom_hell save state to false
[28Jan2025 00:00:03.751] [FTB Backups backup thread 0/INFO] [net.creeperhost.ftbbackups.FTBBackups/]: Setting world allthemodium:mining save state to false
[28Jan2025 00:00:03.751] [FTB Backups backup thread 0/INFO] [net.creeperhost.ftbbackups.FTBBackups/]: Setting world ad_astra:venus_orbit save state to false
[28Jan2025 00:00:03.751] [FTB Backups backup thread 0/INFO] [net.creeperhost.ftbbackups.FTBBackups/]: Setting world deeperdarker:otherside save state to false
[28Jan2025 00:00:03.751] [FTB Backups backup thread 0/INFO] [net.creeperhost.ftbbackups.FTBBackups/]: Setting world ad_astra:earth_orbit save state to false
[28Jan2025 00:00:03.751] [FTB Backups backup thread 0/INFO] [net.creeperhost.ftbbackups.FTBBackups/]: Setting world ad_astra:glacio_orbit save state to false
[28Jan2025 00:00:03.751] [FTB Backups backup thread 0/INFO] [net.creeperhost.ftbbackups.FTBBackups/]: Setting world ae2:spatial_storage save state to false
[28Jan2025 00:00:03.752] [Render thread/INFO] [net.minecraft.client.gui.components.ChatComponent/]: [System] [CHAT] Backup finished in 0m, 3s, 699ms
[28Jan2025 00:00:03.796] [FTB Backups backup thread 0/INFO] [net.creeperhost.ftbbackups.FTBBackups/]: Backup size 39.5MB World Size 52.8MB
[28Jan2025 00:00:03.796] [FTB Backups backup thread 0/INFO] [net.creeperhost.ftbbackups.FTBBackups/]: Writing to file C:\Users\holyhedron\AppData\Roaming\PrismLauncher\instances\Decagon20\.minecraft\backups\backups.json
[28Jan2025 00:00:03.796] [FTB Backups backup thread 0/INFO] [net.creeperhost.ftbbackups.FTBBackups/]: New backup created at C:\Users\holyhedron\AppData\Roaming\PrismLauncher\instances\Decagon20\.minecraft\backups\2025-1-28_0-0-0.zip size: 39.5MB Took: 0m, 3s, 699ms Sha1: 559d190d647eebe0748281c9e5c29e40d468faa5
[28Jan2025 00:00:16.190] [Render thread/WARN] [azurelib/]: Sound Keyframe found for PossessedSoldierEntity -> attackController, but no keyframe handler registered
[28Jan2025 00:00:18.104] [Render thread/INFO] [invtweaks/]: net.minecraft.client.gui.screens.inventory.InventoryScreen
[28Jan2025 00:00:26.298] [Render thread/INFO] [invtweaks/]: net.minecraft.client.gui.screens.inventory.InventoryScreen
[28Jan2025 00:00:35.571] [Render thread/WARN] [net.minecraft.client.multiplayer.ClientPacketListener/]: Received passengers for unknown entity
[28Jan2025 00:00:35.826] [Render thread/WARN] [net.minecraft.client.multiplayer.ClientPacketListener/]: Received passengers for unknown entity
[28Jan2025 00:00:38.497] [Render thread/INFO] [invtweaks/]: net.minecraft.client.gui.screens.inventory.InventoryScreen
[28Jan2025 00:00:47.952] [Render thread/INFO] [invtweaks/]: net.minecraft.client.gui.screens.inventory.InventoryScreen
[28Jan2025 00:00:58.401] [Render thread/INFO] [invtweaks/]: net.minecraft.client.gui.screens.inventory.InventoryScreen
[28Jan2025 00:01:07.253] [Render thread/INFO] [invtweaks/]: net.minecraft.client.gui.screens.inventory.InventoryScreen
[28Jan2025 00:01:14.355] [Render thread/WARN] [net.minecraft.client.multiplayer.ClientPacketListener/]: Received passengers for unknown entity
[28Jan2025 00:01:15.250] [Render thread/INFO] [invtweaks/]: net.minecraft.client.gui.screens.inventory.InventoryScreen
[28Jan2025 00:01:24.099] [Render thread/INFO] [invtweaks/]: net.minecraft.client.gui.screens.inventory.InventoryScreen
[28Jan2025 00:01:28.997] [Render thread/INFO] [invtweaks/]: net.minecraft.client.gui.screens.inventory.InventoryScreen
[28Jan2025 00:01:52.751] [Render thread/INFO] [invtweaks/]: net.minecraft.client.gui.screens.inventory.InventoryScreen
[28Jan2025 00:02:09.858] [Render thread/WARN] [net.minecraft.client.multiplayer.ClientPacketListener/]: Received passengers for unknown entity
[28Jan2025 00:02:11.604] [Server thread/INFO] [net.minecraft.server.MinecraftServer/]: heptadecagon17 has made the advancement [The Soul Forge]
[28Jan2025 00:02:11.608] [Render thread/INFO] [net.minecraft.client.gui.components.ChatComponent/]: [System] [CHAT] heptadecagon17 has made the advancement [The Soul Forge]
[28Jan2025 00:02:11.642] [Render thread/INFO] [net.minecraft.advancements.AdvancementList/]: Loaded 233 advancements
[28Jan2025 00:02:13.115] [Render thread/WARN] [net.minecraft.client.multiplayer.ClientPacketListener/]: Received passengers for unknown entity
[28Jan2025 00:02:13.818] [Worker-Main-5/WARN] [ModernFix/]: Skipped emitting ENTITY_MOUNT game event for entity Strider['Strider'/11186, l='ServerLevel[New World]', x=198.00, y=31.00, z=343.00] as it would cause deadlock
[28Jan2025 00:02:14.524] [Server thread/INFO] [net.minecraft.client.server.IntegratedServer/]: Saving and pausing game...
[28Jan2025 00:02:14.598] [Server thread/INFO] [net.minecraft.server.MinecraftServer/]: Saving chunks for level 'ServerLevel[New World]'/minecraft:overworld
[28Jan2025 00:02:14.606] [Server thread/INFO] [net.minecraft.server.MinecraftServer/]: Saving chunks for level 'ServerLevel[New World]'/minecraft:the_nether
[28Jan2025 00:02:14.616] [Server thread/INFO] [net.minecraft.server.MinecraftServer/]: Saving chunks for level 'ServerLevel[New World]'/bloodmagic:dungeon
[28Jan2025 00:02:14.617] [Server thread/INFO] [net.minecraft.server.MinecraftServer/]: Saving chunks for level 'ServerLevel[New World]'/minecraft:the_end
[28Jan2025 00:02:14.618] [Server thread/INFO] [net.minecraft.server.MinecraftServer/]: Saving chunks for level 'ServerLevel[New World]'/ad_astra:mercury_orbit
[28Jan2025 00:02:14.620] [Server thread/INFO] [net.minecraft.server.MinecraftServer/]: Saving chunks for level 'ServerLevel[New World]'/ad_astra:moon
[28Jan2025 00:02:14.621] [Server thread/INFO] [net.minecraft.server.MinecraftServer/]: Saving chunks for level 'ServerLevel[New World]'/ad_astra:venus
[28Jan2025 00:02:14.622] [Server thread/INFO] [net.minecraft.server.MinecraftServer/]: Saving chunks for level 'ServerLevel[New World]'/ad_astra:glacio
[28Jan2025 00:02:14.624] [Server thread/INFO] [net.minecraft.server.MinecraftServer/]: Saving chunks for level 'ServerLevel[New World]'/ad_astra:mars
[28Jan2025 00:02:14.625] [Server thread/INFO] [net.minecraft.server.MinecraftServer/]: Saving chunks for level 'ServerLevel[New World]'/blue_skies:everdawn
[28Jan2025 00:02:14.626] [Server thread/INFO] [net.minecraft.server.MinecraftServer/]: Saving chunks for level 'ServerLevel[New World]'/ad_astra:moon_orbit
[28Jan2025 00:02:14.628] [Server thread/INFO] [net.minecraft.server.MinecraftServer/]: Saving chunks for level 'ServerLevel[New World]'/aether:the_aether
[28Jan2025 00:02:14.629] [Server thread/INFO] [net.minecraft.server.MinecraftServer/]: Saving chunks for level 'ServerLevel[New World]'/allthemodium:the_beyond
[28Jan2025 00:02:14.630] [Server thread/INFO] [net.minecraft.server.MinecraftServer/]: Saving chunks for level 'ServerLevel[New World]'/ad_astra:mercury
[28Jan2025 00:02:14.632] [Server thread/INFO] [net.minecraft.server.MinecraftServer/]: Saving chunks for level 'ServerLevel[New World]'/allthemodium:the_other
[28Jan2025 00:02:14.633] [Server thread/INFO] [net.minecraft.server.MinecraftServer/]: Saving chunks for level 'ServerLevel[New World]'/blue_skies:everbright
[28Jan2025 00:02:14.634] [Server thread/INFO] [net.minecraft.server.MinecraftServer/]: Saving chunks for level 'ServerLevel[New World]'/ad_astra:mars_orbit
[28Jan2025 00:02:14.635] [Server thread/INFO] [net.minecraft.server.MinecraftServer/]: Saving chunks for level 'ServerLevel[New World]'/doom:doom_hell
[28Jan2025 00:02:14.637] [Server thread/INFO] [net.minecraft.server.MinecraftServer/]: Saving chunks for level 'ServerLevel[New World]'/allthemodium:mining
[28Jan2025 00:02:14.638] [Server thread/INFO] [net.minecraft.server.MinecraftServer/]: Saving chunks for level 'ServerLevel[New World]'/ad_astra:venus_orbit
[28Jan2025 00:02:14.639] [Server thread/INFO] [net.minecraft.server.MinecraftServer/]: Saving chunks for level 'ServerLevel[New World]'/deeperdarker:otherside
[28Jan2025 00:02:14.640] [Server thread/INFO] [net.minecraft.server.MinecraftServer/]: Saving chunks for level 'ServerLevel[New World]'/ad_astra:earth_orbit
[28Jan2025 00:02:14.642] [Server thread/INFO] [net.minecraft.server.MinecraftServer/]: Saving chunks for level 'ServerLevel[New World]'/ad_astra:glacio_orbit
[28Jan2025 00:02:14.643] [Server thread/INFO] [net.minecraft.server.MinecraftServer/]: Saving chunks for level 'ServerLevel[New World]'/ae2:spatial_storage
[28Jan2025 00:02:19.215] [Render thread/INFO] [net.minecraft.client.gui.components.ChatComponent/]: [System] [CHAT] You don't have any configurable items in your inventory!
[28Jan2025 00:02:19.525] [Render thread/INFO] [net.minecraft.client.gui.components.ChatComponent/]: [System] [CHAT] You don't have any configurable items in your inventory!
[28Jan2025 00:02:19.621] [Render thread/INFO] [net.minecraft.client.gui.components.ChatComponent/]: [System] [CHAT] You don't have any configurable items in your inventory!
[28Jan2025 00:02:20.156] [Render thread/INFO] [net.minecraft.client.gui.components.ChatComponent/]: [System] [CHAT] You don't have any configurable items in your inventory!
[28Jan2025 00:02:20.156] [Render thread/INFO] [net.minecraft.client.gui.components.ChatComponent/]: [System] [CHAT] You don't have any configurable items in your inventory!
[28Jan2025 00:02:20.206] [Render thread/INFO] [net.minecraft.client.gui.components.ChatComponent/]: [System] [CHAT] You don't have any configurable items in your inventory!
[28Jan2025 00:02:20.223] [Render thread/INFO] [net.minecraft.client.gui.components.ChatComponent/]: [System] [CHAT] You don't have any configurable items in your inventory!
[28Jan2025 00:02:20.266] [Render thread/INFO] [net.minecraft.client.gui.components.ChatComponent/]: [System] [CHAT] You don't have any configurable items in your inventory!
[28Jan2025 00:02:20.310] [Render thread/INFO] [net.minecraft.client.gui.components.ChatComponent/]: [System] [CHAT] You don't have any configurable items in your inventory!
[28Jan2025 00:02:20.363] [Render thread/INFO] [net.minecraft.client.gui.components.ChatComponent/]: [System] [CHAT] You don't have any configurable items in your inventory!
[28Jan2025 00:02:20.363] [Render thread/INFO] [net.minecraft.client.gui.components.ChatComponent/]: [System] [CHAT] You don't have any configurable items in your inventory!
[28Jan2025 00:02:20.511] [Render thread/INFO] [net.minecraft.client.gui.components.ChatComponent/]: [System] [CHAT] You don't have any configurable items in your inventory!
[28Jan2025 00:02:20.870] [Render thread/INFO] [net.minecraft.client.gui.components.ChatComponent/]: [System] [CHAT] You don't have any configurable items in your inventory!
[28Jan2025 00:02:21.361] [Render thread/INFO] [net.minecraft.client.gui.components.ChatComponent/]: [System] [CHAT] You don't have any configurable items in your inventory!
[28Jan2025 00:02:21.413] [Render thread/INFO] [net.minecraft.client.gui.components.ChatComponent/]: [System] [CHAT] You don't have any configurable items in your inventory!
[28Jan2025 00:02:21.430] [Render thread/INFO] [net.minecraft.client.gui.components.ChatComponent/]: [System] [CHAT] You don't have any configurable items in your inventory!
[28Jan2025 00:02:21.467] [Render thread/INFO] [net.minecraft.client.gui.components.ChatComponent/]: [System] [CHAT] You don't have any configurable items in your inventory!
[28Jan2025 00:02:21.512] [Render thread/INFO] [net.minecraft.client.gui.components.ChatComponent/]: [System] [CHAT] You don't have any configurable items in your inventory!
[28Jan2025 00:02:21.561] [Render thread/INFO] [net.minecraft.client.gui.components.ChatComponent/]: [System] [CHAT] You don't have any configurable items in your inventory!
[28Jan2025 00:02:21.570] [Render thread/INFO] [net.minecraft.client.gui.components.ChatComponent/]: [System] [CHAT] You don't have any configurable items in your inventory!
[28Jan2025 00:02:21.616] [Render thread/INFO] [net.minecraft.client.gui.components.ChatComponent/]: [System] [CHAT] You don't have any configurable items in your inventory!
[28Jan2025 00:02:21.660] [Render thread/INFO] [net.minecraft.client.gui.components.ChatComponent/]: [System] [CHAT] You don't have any configurable items in your inventory!
[28Jan2025 00:02:21.668] [Render thread/INFO] [net.minecraft.client.gui.components.ChatComponent/]: [System] [CHAT] You don't have any configurable items in your inventory!
[28Jan2025 00:02:21.711] [Render thread/INFO] [net.minecraft.client.gui.components.ChatComponent/]: [System] [CHAT] You don't have any configurable items in your inventory!
[28Jan2025 00:02:21.712] [Render thread/INFO] [net.minecraft.client.gui.components.ChatComponent/]: [System] [CHAT] You don't have any configurable items in your inventory!
[28Jan2025 00:02:22.107] [Render thread/INFO] [net.minecraft.client.gui.components.ChatComponent/]: [System] [CHAT] You don't have any configurable items in your inventory!
[28Jan2025 00:02:22.270] [Render thread/INFO] [net.minecraft.client.gui.components.ChatComponent/]: [System] [CHAT] You don't have any configurable items in your inventory!
[28Jan2025 00:02:22.365] [Render thread/INFO] [net.minecraft.client.gui.components.ChatComponent/]: [System] [CHAT] You don't have any configurable items in your inventory!
[28Jan2025 00:02:22.511] [Render thread/INFO] [net.minecraft.client.gui.components.ChatComponent/]: [System] [CHAT] You don't have any configurable items in your inventory!
[28Jan2025 00:02:22.920] [Render thread/WARN] [net.minecraft.client.multiplayer.ClientPacketListener/]: Received passengers for unknown entity
[28Jan2025 00:02:23.022] [Render thread/INFO] [net.minecraft.client.gui.components.ChatComponent/]: [System] [CHAT] You don't have any configurable items in your inventory!
[28Jan2025 00:02:23.059] [Render thread/INFO] [net.minecraft.client.gui.components.ChatComponent/]: [System] [CHAT] You don't have any configurable items in your inventory!
[28Jan2025 00:02:23.112] [Render thread/INFO] [net.minecraft.client.gui.components.ChatComponent/]: [System] [CHAT] You don't have any configurable items in your inventory!
[28Jan2025 00:02:23.113] [Render thread/INFO] [net.minecraft.client.gui.components.ChatComponent/]: [System] [CHAT] You don't have any configurable items in your inventory!
[28Jan2025 00:02:23.158] [Render thread/INFO] [net.minecraft.client.gui.components.ChatComponent/]: [System] [CHAT] You don't have any configurable items in your inventory!
[28Jan2025 00:02:23.174] [Render thread/INFO] [net.minecraft.client.gui.components.ChatComponent/]: [System] [CHAT] You don't have any configurable items in your inventory!
[28Jan2025 00:02:23.220] [Render thread/INFO] [net.minecraft.client.gui.components.ChatComponent/]: [System] [CHAT] You don't have any configurable items in your inventory!
[28Jan2025 00:02:23.265] [Render thread/INFO] [net.minecraft.client.gui.components.ChatComponent/]: [System] [CHAT] You don't have any configurable items in your inventory!
[28Jan2025 00:02:23.568] [Render thread/WARN] [azurelib/]: Sound Keyframe found for PossessedScientistEntity -> attackController, but no keyframe handler registered
[28Jan2025 00:02:23.725] [Render thread/INFO] [net.minecraft.client.gui.components.ChatComponent/]: [System] [CHAT] You don't have any configurable items in your inventory!
[28Jan2025 00:02:23.771] [Render thread/WARN] [net.minecraft.client.multiplayer.ClientPacketListener/]: Received passengers for unknown entity
[28Jan2025 00:02:24.110] [Render thread/WARN] [azurelib/]: Sound Keyframe found for PossessedScientistEntity -> attackController, but no keyframe handler registered
[28Jan2025 00:02:24.126] [Render thread/INFO] [net.minecraft.client.gui.components.ChatComponent/]: [System] [CHAT] You don't have any configurable items in your inventory!
[28Jan2025 00:02:24.461] [Render thread/INFO] [net.minecraft.client.gui.components.ChatComponent/]: [System] [CHAT] You don't have any configurable items in your inventory!
[28Jan2025 00:02:24.714] [Render thread/INFO] [net.minecraft.client.gui.components.ChatComponent/]: [System] [CHAT] You don't have any configurable items in your inventory!
[28Jan2025 00:02:25.211] [Render thread/INFO] [net.minecraft.client.gui.components.ChatComponent/]: [System] [CHAT] You don't have any configurable items in your inventory!
[28Jan2025 00:02:25.212] [Render thread/INFO] [net.minecraft.client.gui.components.ChatComponent/]: [System] [CHAT] You don't have any configurable items in your inventory!
[28Jan2025 00:02:25.313] [Render thread/INFO] [net.minecraft.client.gui.components.ChatComponent/]: [System] [CHAT] You don't have any configurable items in your inventory!
[28Jan2025 00:02:25.313] [Render thread/INFO] [net.minecraft.client.gui.components.ChatComponent/]: [System] [CHAT] You don't have any configurable items in your inventory!
[28Jan2025 00:02:25.412] [Render thread/WARN] [azurelib/]: Sound Keyframe found for PossessedScientistEntity -> attackController, but no keyframe handler registered
[28Jan2025 00:02:25.663] [Render thread/INFO] [net.minecraft.client.gui.components.ChatComponent/]: [System] [CHAT] You don't have any configurable items in your inventory!
[28Jan2025 00:02:25.710] [Render thread/INFO] [net.minecraft.client.gui.components.ChatComponent/]: [System] [CHAT] You don't have any configurable items in your inventory!
[28Jan2025 00:02:25.710] [Render thread/INFO] [net.minecraft.client.gui.components.ChatComponent/]: [System] [CHAT] You don't have any configurable items in your inventory!
[28Jan2025 00:02:25.918] [Render thread/INFO] [net.minecraft.client.gui.components.ChatComponent/]: [System] [CHAT] You don't have any configurable items in your inventory!
[28Jan2025 00:02:25.918] [Render thread/INFO] [net.minecraft.client.gui.components.ChatComponent/]: [System] [CHAT] You don't have any configurable items in your inventory!
[28Jan2025 00:02:25.991] [Render thread/INFO] [net.minecraft.client.gui.components.ChatComponent/]: [System] [CHAT] You don't have any configurable items in your inventory!
[28Jan2025 00:02:26.210] [Render thread/INFO] [net.minecraft.client.gui.components.ChatComponent/]: [System] [CHAT] You don't have any configurable items in your inventory!
[28Jan2025 00:02:26.365] [Render thread/INFO] [net.minecraft.client.gui.components.ChatComponent/]: [System] [CHAT] You don't have any configurable items in your inventory!
[28Jan2025 00:02:27.323] [Render thread/INFO] [net.minecraft.client.gui.components.ChatComponent/]: [System] [CHAT] You don't have any configurable items in your inventory!
[28Jan2025 00:02:27.414] [Render thread/INFO] [net.minecraft.client.gui.components.ChatComponent/]: [System] [CHAT] You don't have any configurable items in your inventory!
[28Jan2025 00:02:27.414] [Render thread/INFO] [net.minecraft.client.gui.components.ChatComponent/]: [System] [CHAT] You don't have any configurable items in your inventory!
[28Jan2025 00:02:27.459] [Render thread/INFO] [net.minecraft.client.gui.components.ChatComponent/]: [System] [CHAT] You don't have any configurable items in your inventory!
[28Jan2025 00:02:27.513] [Render thread/INFO] [net.minecraft.client.gui.components.ChatComponent/]: [System] [CHAT] You don't have any configurable items in your inventory!
[28Jan2025 00:02:27.513] [Render thread/INFO] [net.minecraft.client.gui.components.ChatComponent/]: [System] [CHAT] You don't have any configurable items in your inventory!
[28Jan2025 00:02:27.812] [Render thread/INFO] [net.minecraft.client.gui.components.ChatComponent/]: [System] [CHAT] You don't have any configurable items in your inventory!
[28Jan2025 00:02:27.812] [Render thread/INFO] [net.minecraft.client.gui.components.ChatComponent/]: [System] [CHAT] You don't have any configurable items in your inventory!
[28Jan2025 00:02:27.875] [Render thread/INFO] [net.minecraft.client.gui.components.ChatComponent/]: [System] [CHAT] You don't have any configurable items in your inventory!
[28Jan2025 00:02:27.875] [Render thread/INFO] [net.minecraft.client.gui.components.ChatComponent/]: [System] [CHAT] You don't have any configurable items in your inventory!
[28Jan2025 00:02:28.013] [Render thread/INFO] [net.minecraft.client.gui.components.ChatComponent/]: [System] [CHAT] You don't have any configurable items in your inventory!
[28Jan2025 00:02:28.013] [Render thread/INFO] [net.minecraft.client.gui.components.ChatComponent/]: [System] [CHAT] You don't have any configurable items in your inventory!
[28Jan2025 00:02:28.114] [Render thread/INFO] [net.minecraft.client.gui.components.ChatComponent/]: [System] [CHAT] You don't have any configurable items in your inventory!
[28Jan2025 00:02:28.114] [Render thread/INFO] [net.minecraft.client.gui.components.ChatComponent/]: [System] [CHAT] You don't have any configurable items in your inventory!
[28Jan2025 00:02:28.220] [Render thread/INFO] [net.minecraft.client.gui.components.ChatComponent/]: [System] [CHAT] You don't have any configurable items in your inventory!
[28Jan2025 00:02:28.718] [Render thread/INFO] [net.minecraft.client.gui.components.ChatComponent/]: [System] [CHAT] You don't have any configurable items in your inventory!
[28Jan2025 00:02:28.869] [Render thread/INFO] [net.minecraft.client.gui.components.ChatComponent/]: [System] [CHAT] You don't have any configurable items in your inventory!
[28Jan2025 00:02:28.922] [Render thread/INFO] [net.minecraft.client.gui.components.ChatComponent/]: [System] [CHAT] You don't have any configurable items in your inventory!
[28Jan2025 00:02:29.118] [Render thread/INFO] [net.minecraft.client.gui.components.ChatComponent/]: [System] [CHAT] You don't have any configurable items in your inventory!
[28Jan2025 00:02:29.563] [Render thread/INFO] [net.minecraft.client.gui.components.ChatComponent/]: [System] [CHAT] You don't have any configurable items in your inventory!
[28Jan2025 00:02:29.772] [Render thread/INFO] [net.minecraft.client.gui.components.ChatComponent/]: [System] [CHAT] You don't have any configurable items in your inventory!
[28Jan2025 00:02:29.915] [Render thread/INFO] [net.minecraft.client.gui.components.ChatComponent/]: [System] [CHAT] You don't have any configurable items in your inventory!
[28Jan2025 00:02:30.708] [Render thread/INFO] [net.minecraft.client.gui.components.ChatComponent/]: [System] [CHAT] You don't have any configurable items in your inventory!
[28Jan2025 00:02:30.921] [Render thread/INFO] [net.minecraft.client.gui.components.ChatComponent/]: [System] [CHAT] You don't have any configurable items in your inventory!
[28Jan2025 00:02:30.965] [Render thread/INFO] [net.minecraft.client.gui.components.ChatComponent/]: [System] [CHAT] You don't have any configurable items in your inventory!
[28Jan2025 00:02:30.966] [Render thread/INFO] [net.minecraft.client.gui.components.ChatComponent/]: [System] [CHAT] You don't have any configurable items in your inventory!
[28Jan2025 00:02:31.114] [Render thread/INFO] [net.minecraft.client.gui.components.ChatComponent/]: [System] [CHAT] You don't have any configurable items in your inventory!
[28Jan2025 00:02:31.114] [Render thread/INFO] [net.minecraft.client.gui.components.ChatComponent/]: [System] [CHAT] You don't have any configurable items in your inventory!
[28Jan2025 00:02:31.574] [Render thread/INFO] [net.minecraft.client.gui.components.ChatComponent/]: [System] [CHAT] You don't have any configurable items in your inventory!
[28Jan2025 00:02:31.869] [Render thread/INFO] [net.minecraft.client.gui.components.ChatComponent/]: [System] [CHAT] You don't have any configurable items in your inventory!
[28Jan2025 00:02:32.125] [Render thread/INFO] [net.minecraft.client.gui.components.ChatComponent/]: [System] [CHAT] You don't have any configurable items in your inventory!
[28Jan2025 00:02:32.256] [Render thread/INFO] [net.minecraft.client.gui.components.ChatComponent/]: [System] [CHAT] You don't have any configurable items in your inventory!
[28Jan2025 00:02:32.613] [Render thread/INFO] [net.minecraft.client.gui.components.ChatComponent/]: [System] [CHAT] You don't have any configurable items in your inventory!
[28Jan2025 00:02:32.613] [Render thread/INFO] [net.minecraft.client.gui.components.ChatComponent/]: [System] [CHAT] You don't have any configurable items in your inventory!
[28Jan2025 00:02:32.763] [Render thread/INFO] [net.minecraft.client.gui.components.ChatComponent/]: [System] [CHAT] You don't have any configurable items in your inventory!
[28Jan2025 00:02:32.764] [Render thread/INFO] [net.minecraft.client.gui.components.ChatComponent/]: [System] [CHAT] You don't have any configurable items in your inventory!
[28Jan2025 00:02:33.417] [Render thread/INFO] [net.minecraft.client.gui.components.ChatComponent/]: [System] [CHAT] You don't have any configurable items in your inventory!
[28Jan2025 00:02:33.557] [Render thread/INFO] [net.minecraft.client.gui.components.ChatComponent/]: [System] [CHAT] You don't have any configurable items in your inventory!
[28Jan2025 00:02:33.713] [Render thread/INFO] [net.minecraft.client.gui.components.ChatComponent/]: [System] [CHAT] You don't have any configurable items in your inventory!
[28Jan2025 00:02:33.827] [Render thread/INFO] [net.minecraft.client.gui.components.ChatComponent/]: [System] [CHAT] You don't have any configurable items in your inventory!
[28Jan2025 00:02:34.366] [Render thread/INFO] [net.minecraft.client.gui.components.ChatComponent/]: [System] [CHAT] You don't have any configurable items in your inventory!
[28Jan2025 00:02:34.366] [Render thread/INFO] [net.minecraft.client.gui.components.ChatComponent/]: [System] [CHAT] You don't have any configurable items in your inventory!
[28Jan2025 00:02:34.474] [Render thread/INFO] [net.minecraft.client.gui.components.ChatComponent/]: [System] [CHAT] You don't have any configurable items in your inventory!
[28Jan2025 00:02:34.474] [Render thread/INFO] [net.minecraft.client.gui.components.ChatComponent/]: [System] [CHAT] You don't have any configurable items in your inventory!
[28Jan2025 00:02:35.006] [Render thread/INFO] [net.minecraft.client.gui.components.ChatComponent/]: [System] [CHAT] You don't have any configurable items in your inventory!
[28Jan2025 00:02:35.006] [Render thread/INFO] [net.minecraft.client.gui.components.ChatComponent/]: [System] [CHAT] You don't have any configurable items in your inventory!
[28Jan2025 00:02:35.210] [Render thread/INFO] [net.minecraft.client.gui.components.ChatComponent/]: [System] [CHAT] You don't have any configurable items in your inventory!
[28Jan2025 00:02:35.210] [Render thread/INFO] [net.minecraft.client.gui.components.ChatComponent/]: [System] [CHAT] You don't have any configurable items in your inventory!
[28Jan2025 00:02:35.517] [Render thread/INFO] [net.minecraft.client.gui.components.ChatComponent/]: [System] [CHAT] You don't have any configurable items in your inventory!
[28Jan2025 00:02:35.518] [Render thread/INFO] [net.minecraft.client.gui.components.ChatComponent/]: [System] [CHAT] You don't have any configurable items in your inventory!
[28Jan2025 00:02:35.766] [Render thread/INFO] [net.minecraft.client.gui.components.ChatComponent/]: [System] [CHAT] You don't have any configurable items in your inventory!
[28Jan2025 00:02:35.766] [Render thread/INFO] [net.minecraft.client.gui.components.ChatComponent/]: [System] [CHAT] You don't have any configurable items in your inventory!
[28Jan2025 00:02:36.263] [Render thread/INFO] [net.minecraft.client.gui.components.ChatComponent/]: [System] [CHAT] You don't have any configurable items in your inventory!
[28Jan2025 00:02:36.263] [Render thread/INFO] [net.minecraft.client.gui.components.ChatComponent/]: [System] [CHAT] You don't have any configurable items in your inventory!
[28Jan2025 00:02:36.456] [Render thread/INFO] [net.minecraft.client.gui.components.ChatComponent/]: [System] [CHAT] You don't have any configurable items in your inventory!
[28Jan2025 00:02:36.456] [Render thread/INFO] [net.minecraft.client.gui.components.ChatComponent/]: [System] [CHAT] You don't have any configurable items in your inventory!
[28Jan2025 00:02:36.813] [Render thread/INFO] [net.minecraft.client.gui.components.ChatComponent/]: [System] [CHAT] You don't have any configurable items in your inventory!
[28Jan2025 00:02:36.813] [Render thread/INFO] [net.minecraft.client.gui.components.ChatComponent/]: [System] [CHAT] You don't have any configurable items in your inventory!
[28Jan2025 00:02:37.057] [Render thread/INFO] [net.minecraft.client.gui.components.ChatComponent/]: [System] [CHAT] You don't have any configurable items in your inventory!
[28Jan2025 00:02:37.057] [Render thread/INFO] [net.minecraft.client.gui.components.ChatComponent/]: [System] [CHAT] You don't have any configurable items in your inventory!
[28Jan2025 00:02:37.119] [Render thread/INFO] [net.minecraft.client.gui.components.ChatComponent/]: [System] [CHAT] You don't have any configurable items in your inventory!
[28Jan2025 00:02:37.208] [Render thread/INFO] [net.minecraft.client.gui.components.ChatComponent/]: [System] [CHAT] You don't have any configurable items in your inventory!
[28Jan2025 00:02:37.361] [Render thread/INFO] [net.minecraft.client.gui.components.ChatComponent/]: [System] [CHAT] You don't have any configurable items in your inventory!
[28Jan2025 00:02:37.361] [Render thread/INFO] [net.minecraft.client.gui.components.ChatComponent/]: [System] [CHAT] You don't have any configurable items in your inventory!
[28Jan2025 00:02:37.513] [Render thread/INFO] [net.minecraft.client.gui.components.ChatComponent/]: [System] [CHAT] You don't have any configurable items in your inventory!
[28Jan2025 00:02:37.513] [Render thread/INFO] [net.minecraft.client.gui.components.ChatComponent/]: [System] [CHAT] You don't have any configurable items in your inventory!
[28Jan2025 00:02:37.659] [Render thread/INFO] [net.minecraft.client.gui.components.ChatComponent/]: [System] [CHAT] You don't have any configurable items in your inventory!
[28Jan2025 00:02:37.659] [Render thread/INFO] [net.minecraft.client.gui.components.ChatComponent/]: [System] [CHAT] You don't have any configurable items in your inventory!
[28Jan2025 00:02:38.027] [Render thread/INFO] [net.minecraft.client.gui.components.ChatComponent/]: [System] [CHAT] You don't have any configurable items in your inventory!
[28Jan2025 00:02:38.027] [Render thread/INFO] [net.minecraft.client.gui.components.ChatComponent/]: [System] [CHAT] You don't have any configurable items in your inventory!
[28Jan2025 00:02:38.164] [Render thread/INFO] [net.minecraft.client.gui.components.ChatComponent/]: [System] [CHAT] You don't have any configurable items in your inventory!
[28Jan2025 00:02:38.164] [Render thread/INFO] [net.minecraft.client.gui.components.ChatComponent/]: [System] [CHAT] You don't have any configurable items in your inventory!
[28Jan2025 00:02:38.164] [Render thread/INFO] [net.minecraft.client.gui.components.ChatComponent/]: [System] [CHAT] You don't have any configurable items in your inventory!
[28Jan2025 00:02:38.310] [Render thread/INFO] [net.minecraft.client.gui.components.ChatComponent/]: [System] [CHAT] You don't have any configurable items in your inventory!
[28Jan2025 00:02:38.364] [Render thread/INFO] [net.minecraft.client.gui.components.ChatComponent/]: [System] [CHAT] You don't have any configurable items in your inventory!
[28Jan2025 00:02:38.364] [Render thread/INFO] [net.minecraft.client.gui.components.ChatComponent/]: [System] [CHAT] You don't have any configurable items in your inventory!
[28Jan2025 00:02:38.364] [Render thread/INFO] [net.minecraft.client.gui.components.ChatComponent/]: [System] [CHAT] You don't have any configurable items in your inventory!
[28Jan2025 00:02:38.372] [Render thread/INFO] [net.minecraft.client.gui.components.ChatComponent/]: [System] [CHAT] You don't have any configurable items in your inventory!
[28Jan2025 00:02:38.518] [Render thread/INFO] [net.minecraft.client.gui.components.ChatComponent/]: [System] [CHAT] You don't have any configurable items in your inventory!
[28Jan2025 00:02:38.518] [Render thread/INFO] [net.minecraft.client.gui.components.ChatComponent/]: [System] [CHAT] You don't have any configurable items in your inventory!
[28Jan2025 00:02:38.572] [Render thread/INFO] [net.minecraft.client.gui.components.ChatComponent/]: [System] [CHAT] You don't have any configurable items in your inventory!
[28Jan2025 00:02:38.572] [Render thread/INFO] [net.minecraft.client.gui.components.ChatComponent/]: [System] [CHAT] You don't have any configurable items in your inventory!
[28Jan2025 00:02:38.709] [Render thread/INFO] [net.minecraft.client.gui.components.ChatComponent/]: [System] [CHAT] You don't have any configurable items in your inventory!
[28Jan2025 00:02:38.709] [Render thread/INFO] [net.minecraft.client.gui.components.ChatComponent/]: [System] [CHAT] You don't have any configurable items in your inventory!
[28Jan2025 00:02:38.819] [Render thread/INFO] [net.minecraft.client.gui.components.ChatComponent/]: [System] [CHAT] You don't have any configurable items in your inventory!
[28Jan2025 00:02:38.819] [Render thread/INFO] [net.minecraft.client.gui.components.ChatComponent/]: [System] [CHAT] You don't have any configurable items in your inventory!
[28Jan2025 00:02:38.909] [Render thread/INFO] [net.minecraft.client.gui.components.ChatComponent/]: [System] [CHAT] You don't have any configurable items in your inventory!
[28Jan2025 00:02:38.909] [Render thread/INFO] [net.minecraft.client.gui.components.ChatComponent/]: [System] [CHAT] You don't have any configurable items in your inventory!
[28Jan2025 00:02:39.124] [Render thread/INFO] [net.minecraft.client.gui.components.ChatComponent/]: [System] [CHAT] You don't have any configurable items in your inventory!
[28Jan2025 00:02:39.124] [Render thread/INFO] [net.minecraft.client.gui.components.ChatComponent/]: [System] [CHAT] You don't have any configurable items in your inventory!
[28Jan2025 00:02:39.124] [Render thread/INFO] [net.minecraft.client.gui.components.ChatComponent/]: [System] [CHAT] You don't have any configurable items in your inventory!
[28Jan2025 00:02:39.408] [Render thread/INFO] [net.minecraft.client.gui.components.ChatComponent/]: [System] [CHAT] You don't have any configurable items in your inventory!
[28Jan2025 00:02:39.408] [Render thread/INFO] [net.minecraft.client.gui.components.ChatComponent/]: [System] [CHAT] You don't have any configurable items in your inventory!
[28Jan2025 00:02:39.510] [Render thread/INFO] [net.minecraft.client.gui.components.ChatComponent/]: [System] [CHAT] You don't have any configurable items in your inventory!
[28Jan2025 00:02:39.775] [Render thread/INFO] [net.minecraft.client.gui.components.ChatComponent/]: [System] [CHAT] You don't have any configurable items in your inventory!
[28Jan2025 00:02:39.812] [Render thread/INFO] [net.minecraft.client.gui.components.ChatComponent/]: [System] [CHAT] You don't have any configurable items in your inventory!
[28Jan2025 00:02:39.812] [Render thread/INFO] [net.minecraft.client.gui.components.ChatComponent/]: [System] [CHAT] You don't have any configurable items in your inventory!
[28Jan2025 00:02:39.911] [Render thread/INFO] [net.minecraft.client.gui.components.ChatComponent/]: [System] [CHAT] You don't have any configurable items in your inventory!
[28Jan2025 00:02:39.963] [Render thread/INFO] [net.minecraft.client.gui.components.ChatComponent/]: [System] [CHAT] You don't have any configurable items in your inventory!
[28Jan2025 00:02:39.972] [Render thread/INFO] [net.minecraft.client.gui.components.ChatComponent/]: [System] [CHAT] You don't have any configurable items in your inventory!
[28Jan2025 00:02:40.113] [Render thread/INFO] [net.minecraft.client.gui.components.ChatComponent/]: [System] [CHAT] You don't have any configurable items in your inventory!
[28Jan2025 00:02:40.113] [Render thread/INFO] [net.minecraft.client.gui.components.ChatComponent/]: [System] [CHAT] You don't have any configurable items in your inventory!
[28Jan2025 00:02:40.215] [Render thread/INFO] [net.minecraft.client.gui.components.ChatComponent/]: [System] [CHAT] You don't have any configurable items in your inventory!
[28Jan2025 00:02:40.215] [Render thread/INFO] [net.minecraft.client.gui.components.ChatComponent/]: [System] [CHAT] You don't have any configurable items in your inventory!
[28Jan2025 00:02:40.415] [Render thread/INFO] [net.minecraft.client.gui.components.ChatComponent/]: [System] [CHAT] You don't have any configurable items in your inventory!
[28Jan2025 00:02:40.415] [Render thread/INFO] [net.minecraft.client.gui.components.ChatComponent/]: [System] [CHAT] You don't have any configurable items in your inventory!
[28Jan2025 00:02:40.556] [Render thread/INFO] [net.minecraft.client.gui.components.ChatComponent/]: [System] [CHAT] You don't have any configurable items in your inventory!
[28Jan2025 00:02:40.557] [Render thread/INFO] [net.minecraft.client.gui.components.ChatComponent/]: [System] [CHAT] You don't have any configurable items in your inventory!
[28Jan2025 00:02:40.574] [Render thread/INFO] [net.minecraft.client.gui.components.ChatComponent/]: [System] [CHAT] You don't have any configurable items in your inventory!
[28Jan2025 00:02:40.663] [Render thread/INFO] [net.minecraft.client.gui.components.ChatComponent/]: [System] [CHAT] You don't have any configurable items in your inventory!
[28Jan2025 00:02:40.671] [Render thread/INFO] [net.minecraft.client.gui.components.ChatComponent/]: [System] [CHAT] You don't have any configurable items in your inventory!
[28Jan2025 00:02:40.671] [Render thread/INFO] [net.minecraft.client.gui.components.ChatComponent/]: [System] [CHAT] You don't have any configurable items in your inventory!
[28Jan2025 00:02:40.724] [Render thread/INFO] [net.minecraft.client.gui.components.ChatComponent/]: [System] [CHAT] You don't have any configurable items in your inventory!
[28Jan2025 00:02:41.015] [Render thread/INFO] [net.minecraft.client.gui.components.ChatComponent/]: [System] [CHAT] You don't have any configurable items in your inventory!
[28Jan2025 00:02:41.614] [Render thread/INFO] [net.minecraft.client.gui.components.ChatComponent/]: [System] [CHAT] You don't have any configurable items in your inventory!
[28Jan2025 00:02:41.614] [Render thread/INFO] [net.minecraft.client.gui.components.ChatComponent/]: [System] [CHAT] You don't have any configurable items in your inventory!
[28Jan2025 00:02:41.712] [Render thread/INFO] [net.minecraft.client.gui.components.ChatComponent/]: [System] [CHAT] You don't have any configurable items in your inventory!
[28Jan2025 00:02:41.712] [Render thread/INFO] [net.minecraft.client.gui.components.ChatComponent/]: [System] [CHAT] You don't have any configurable items in your inventory!
[28Jan2025 00:02:41.811] [Render thread/INFO] [net.minecraft.client.gui.components.ChatComponent/]: [System] [CHAT] You don't have any configurable items in your inventory!
[28Jan2025 00:02:41.811] [Render thread/INFO] [net.minecraft.client.gui.components.ChatComponent/]: [System] [CHAT] You don't have any configurable items in your inventory!
[28Jan2025 00:02:41.972] [Render thread/INFO] [net.minecraft.client.gui.components.ChatComponent/]: [System] [CHAT] You don't have any configurable items in your inventory!
[28Jan2025 00:02:41.972] [Render thread/INFO] [net.minecraft.client.gui.components.ChatComponent/]: [System] [CHAT] You don't have any configurable items in your inventory!
[28Jan2025 00:02:42.018] [Render thread/INFO] [net.minecraft.client.gui.components.ChatComponent/]: [System] [CHAT] You don't have any configurable items in your inventory!
[28Jan2025 00:02:42.018] [Render thread/INFO] [net.minecraft.client.gui.components.ChatComponent/]: [System] [CHAT] You don't have any configurable items in your inventory!
[28Jan2025 00:02:42.116] [Render thread/INFO] [net.minecraft.client.gui.components.ChatComponent/]: [System] [CHAT] You don't have any configurable items in your inventory!
[28Jan2025 00:02:42.116] [Render thread/INFO] [net.minecraft.client.gui.components.ChatComponent/]: [System] [CHAT] You don't have any configurable items in your inventory!
[28Jan2025 00:02:42.208] [Render thread/INFO] [net.minecraft.client.gui.components.ChatComponent/]: [System] [CHAT] You don't have any configurable items in your inventory!
[28Jan2025 00:02:42.208] [Render thread/INFO] [net.minecraft.client.gui.components.ChatComponent/]: [System] [CHAT] You don't have any configurable items in your inventory!
[28Jan2025 00:02:42.309] [Render thread/INFO] [net.minecraft.client.gui.components.ChatComponent/]: [System] [CHAT] You don't have any configurable items in your inventory!
[28Jan2025 00:02:42.309] [Render thread/INFO] [net.minecraft.client.gui.components.ChatComponent/]: [System] [CHAT] You don't have any configurable items in your inventory!
[28Jan2025 00:02:42.416] [Render thread/INFO] [net.minecraft.client.gui.components.ChatComponent/]: [System] [CHAT] You don't have any configurable items in your inventory!
[28Jan2025 00:02:42.416] [Render thread/INFO] [net.minecraft.client.gui.components.ChatComponent/]: [System] [CHAT] You don't have any configurable items in your inventory!
[28Jan2025 00:02:42.522] [Render thread/INFO] [net.minecraft.client.gui.components.ChatComponent/]: [System] [CHAT] You don't have any configurable items in your inventory!
[28Jan2025 00:02:42.522] [Render thread/INFO] [net.minecraft.client.gui.components.ChatComponent/]: [System] [CHAT] You don't have any configurable items in your inventory!
[28Jan2025 00:02:43.218] [Render thread/INFO] [net.minecraft.client.gui.components.ChatComponent/]: [System] [CHAT] You don't have any configurable items in your inventory!
[28Jan2025 00:02:43.509] [Render thread/INFO] [net.minecraft.client.gui.components.ChatComponent/]: [System] [CHAT] You don't have any configurable items in your inventory!
[28Jan2025 00:02:43.517] [Render thread/INFO] [net.minecraft.client.gui.components.ChatComponent/]: [System] [CHAT] You don't have any configurable items in your inventory!
[28Jan2025 00:02:43.517] [Render thread/INFO] [net.minecraft.client.gui.components.ChatComponent/]: [System] [CHAT] You don't have any configurable items in your inventory!
[28Jan2025 00:02:43.707] [Render thread/INFO] [net.minecraft.client.gui.components.ChatComponent/]: [System] [CHAT] You don't have any configurable items in your inventory!
[28Jan2025 00:02:43.708] [Render thread/INFO] [net.minecraft.client.gui.components.ChatComponent/]: [System] [CHAT] You don't have any configurable items in your inventory!
[28Jan2025 00:02:43.761] [Render thread/INFO] [net.minecraft.client.gui.components.ChatComponent/]: [System] [CHAT] You don't have any configurable items in your inventory!
[28Jan2025 00:02:43.761] [Render thread/INFO] [net.minecraft.client.gui.components.ChatComponent/]: [System] [CHAT] You don't have any configurable items in your inventory!
[28Jan2025 00:02:43.911] [Render thread/INFO] [net.minecraft.client.gui.components.ChatComponent/]: [System] [CHAT] You don't have any configurable items in your inventory!
[28Jan2025 00:02:43.911] [Render thread/INFO] [net.minecraft.client.gui.components.ChatComponent/]: [System] [CHAT] You don't have any configurable items in your inventory!
[28Jan2025 00:02:43.952] [Render thread/INFO] [net.minecraft.client.gui.components.ChatComponent/]: [System] [CHAT] You don't have any configurable items in your inventory!
[28Jan2025 00:02:43.952] [Render thread/INFO] [net.minecraft.client.gui.components.ChatComponent/]: [System] [CHAT] You don't have any configurable items in your inventory!
[28Jan2025 00:02:44.062] [Render thread/INFO] [net.minecraft.client.gui.components.ChatComponent/]: [System] [CHAT] You don't have any configurable items in your inventory!
[28Jan2025 00:02:44.062] [Render thread/INFO] [net.minecraft.client.gui.components.ChatComponent/]: [System] [CHAT] You don't have any configurable items in your inventory!
[28Jan2025 00:02:44.453] [Render thread/INFO] [net.minecraft.client.gui.components.ChatComponent/]: [System] [CHAT] You don't have any configurable items in your inventory!
[28Jan2025 00:02:44.601] [Render thread/INFO] [net.minecraft.client.gui.components.ChatComponent/]: [System] [CHAT] You don't have any configurable items in your inventory!
[28Jan2025 00:02:44.763] [Render thread/INFO] [net.minecraft.client.gui.components.ChatComponent/]: [System] [CHAT] You don't have any configurable items in your inventory!
[28Jan2025 00:02:45.015] [Render thread/INFO] [net.minecraft.client.gui.components.ChatComponent/]: [System] [CHAT] You don't have any configurable items in your inventory!
[28Jan2025 00:02:45.123] [Render thread/INFO] [net.minecraft.client.gui.components.ChatComponent/]: [System] [CHAT] You don't have any configurable items in your inventory!
[28Jan2025 00:02:45.666] [Render thread/INFO] [net.minecraft.client.gui.components.ChatComponent/]: [System] [CHAT] You don't have any configurable items in your inventory!
[28Jan2025 00:02:45.666] [Render thread/INFO] [net.minecraft.client.gui.components.ChatComponent/]: [System] [CHAT] You don't have any configurable items in your inventory!
[28Jan2025 00:02:46.355] [Render thread/INFO] [net.minecraft.client.gui.components.ChatComponent/]: [System] [CHAT] You don't have any configurable items in your inventory!
[28Jan2025 00:02:46.355] [Render thread/INFO] [net.minecraft.client.gui.components.ChatComponent/]: [System] [CHAT] You don't have any configurable items in your inventory!
[28Jan2025 00:02:46.657] [Render thread/INFO] [net.minecraft.client.gui.components.ChatComponent/]: [System] [CHAT] You don't have any configurable items in your inventory!
[28Jan2025 00:02:47.166] [Render thread/INFO] [net.minecraft.client.gui.components.ChatComponent/]: [System] [CHAT] You don't have any configurable items in your inventory!
[28Jan2025 00:02:47.208] [Render thread/INFO] [net.minecraft.client.gui.components.ChatComponent/]: [System] [CHAT] You don't have any configurable items in your inventory!
[28Jan2025 00:02:47.225] [Render thread/INFO] [net.minecraft.client.gui.components.ChatComponent/]: [System] [CHAT] You don't have any configurable items in your inventory!
[28Jan2025 00:02:47.268] [Render thread/INFO] [net.minecraft.client.gui.components.ChatComponent/]: [System] [CHAT] You don't have any configurable items in your inventory!
[28Jan2025 00:02:47.302] [Render thread/INFO] [net.minecraft.client.gui.components.ChatComponent/]: [System] [CHAT] You don't have any configurable items in your inventory!
[28Jan2025 00:02:47.319] [Render thread/INFO] [net.minecraft.client.gui.components.ChatComponent/]: [System] [CHAT] You don't have any configurable items in your inventory!
[28Jan2025 00:02:47.363] [Render thread/INFO] [net.minecraft.client.gui.components.ChatComponent/]: [System] [CHAT] You don't have any configurable items in your inventory!
[28Jan2025 00:02:47.407] [Render thread/INFO] [net.minecraft.client.gui.components.ChatComponent/]: [System] [CHAT] You don't have any configurable items in your inventory!
[28Jan2025 00:02:47.415] [Render thread/INFO] [net.minecraft.client.gui.components.ChatComponent/]: [System] [CHAT] You don't have any configurable items in your inventory!
[28Jan2025 00:02:47.467] [Render thread/INFO] [net.minecraft.client.gui.components.ChatComponent/]: [System] [CHAT] You don't have any configurable items in your inventory!
[28Jan2025 00:02:47.506] [Render thread/INFO] [net.minecraft.client.gui.components.ChatComponent/]: [System] [CHAT] You don't have any configurable items in your inventory!
[28Jan2025 00:02:47.522] [Render thread/INFO] [net.minecraft.client.gui.components.ChatComponent/]: [System] [CHAT] You don't have any configurable items in your inventory!
[28Jan2025 00:02:47.566] [Render thread/INFO] [net.minecraft.client.gui.components.ChatComponent/]: [System] [CHAT] You don't have any configurable items in your inventory!
[28Jan2025 00:02:47.610] [Render thread/INFO] [net.minecraft.client.gui.components.ChatComponent/]: [System] [CHAT] You don't have any configurable items in your inventory!
[28Jan2025 00:02:47.626] [Render thread/INFO] [net.minecraft.client.gui.components.ChatComponent/]: [System] [CHAT] You don't have any configurable items in your inventory!
[28Jan2025 00:02:47.661] [Render thread/INFO] [net.minecraft.client.gui.components.ChatComponent/]: [System] [CHAT] You don't have any configurable items in your inventory!
[28Jan2025 00:02:47.704] [Render thread/INFO] [net.minecraft.client.gui.components.ChatComponent/]: [System] [CHAT] You don't have any configurable items in your inventory!
[28Jan2025 00:02:47.721] [Render thread/INFO] [net.minecraft.client.gui.components.ChatComponent/]: [System] [CHAT] You don't have any configurable items in your inventory!
[28Jan2025 00:02:47.756] [Render thread/INFO] [net.minecraft.client.gui.components.ChatComponent/]: [System] [CHAT] You don't have any configurable items in your inventory!
[28Jan2025 00:02:47.808] [Render thread/INFO] [net.minecraft.client.gui.components.ChatComponent/]: [System] [CHAT] You don't have any configurable items in your inventory!
[28Jan2025 00:02:47.816] [Render thread/INFO] [net.minecraft.client.gui.components.ChatComponent/]: [System] [CHAT] You don't have any configurable items in your inventory!
[28Jan2025 00:02:47.859] [Render thread/INFO] [net.minecraft.client.gui.components.ChatComponent/]: [System] [CHAT] You don't have any configurable items in your inventory!
[28Jan2025 00:02:47.910] [Render thread/INFO] [net.minecraft.client.gui.components.ChatComponent/]: [System] [CHAT] You don't have any configurable items in your inventory!
[28Jan2025 00:02:47.919] [Render thread/INFO] [net.minecraft.client.gui.components.ChatComponent/]: [System] [CHAT] You don't have any configurable items in your inventory!
[28Jan2025 00:02:47.952] [Render thread/INFO] [net.minecraft.client.gui.components.ChatComponent/]: [System] [CHAT] You don't have any configurable items in your inventory!
[28Jan2025 00:02:48.014] [Render thread/INFO] [net.minecraft.client.gui.components.ChatComponent/]: [System] [CHAT] You don't have any configurable items in your inventory!
[28Jan2025 00:02:48.022] [Render thread/INFO] [net.minecraft.client.gui.components.ChatComponent/]: [System] [CHAT] You don't have any configurable items in your inventory!
[28Jan2025 00:02:48.061] [Render thread/INFO] [net.minecraft.client.gui.components.ChatComponent/]: [System] [CHAT] You don't have any configurable items in your inventory!
[28Jan2025 00:02:48.105] [Render thread/INFO] [invtweaks/]: net.minecraft.client.gui.screens.inventory.InventoryScreen
[28Jan2025 00:02:48.123] [Render thread/INFO] [net.minecraft.client.gui.components.ChatComponent/]: [System] [CHAT] You don't have any configurable items in your inventory!
[28Jan2025 00:02:53.771] [Render thread/WARN] [net.minecraft.client.multiplayer.ClientPacketListener/]: Received passengers for unknown entity
[28Jan2025 00:02:57.075] [Server thread/INFO] [net.minecraft.client.server.IntegratedServer/]: Saving and pausing game...
[28Jan2025 00:02:57.151] [Server thread/INFO] [net.minecraft.server.MinecraftServer/]: Saving chunks for level 'ServerLevel[New World]'/minecraft:overworld
[28Jan2025 00:02:57.157] [Server thread/INFO] [net.minecraft.server.MinecraftServer/]: Saving chunks for level 'ServerLevel[New World]'/minecraft:the_nether
[28Jan2025 00:02:57.165] [Server thread/INFO] [net.minecraft.server.MinecraftServer/]: Saving chunks for level 'ServerLevel[New World]'/bloodmagic:dungeon
[28Jan2025 00:02:57.166] [Server thread/INFO] [net.minecraft.server.MinecraftServer/]: Saving chunks for level 'ServerLevel[New World]'/minecraft:the_end
[28Jan2025 00:02:57.168] [Server thread/INFO] [net.minecraft.server.MinecraftServer/]: Saving chunks for level 'ServerLevel[New World]'/ad_astra:mercury_orbit
[28Jan2025 00:02:57.169] [Server thread/INFO] [net.minecraft.server.MinecraftServer/]: Saving chunks for level 'ServerLevel[New World]'/ad_astra:moon
[28Jan2025 00:02:57.170] [Server thread/INFO] [net.minecraft.server.MinecraftServer/]: Saving chunks for level 'ServerLevel[New World]'/ad_astra:venus
[28Jan2025 00:02:57.171] [Server thread/INFO] [net.minecraft.server.MinecraftServer/]: Saving chunks for level 'ServerLevel[New World]'/ad_astra:glacio
[28Jan2025 00:02:57.173] [Server thread/INFO] [net.minecraft.server.MinecraftServer/]: Saving chunks for level 'ServerLevel[New World]'/ad_astra:mars
[28Jan2025 00:02:57.174] [Server thread/INFO] [net.minecraft.server.MinecraftServer/]: Saving chunks for level 'ServerLevel[New World]'/blue_skies:everdawn
[28Jan2025 00:02:57.175] [Server thread/INFO] [net.minecraft.server.MinecraftServer/]: Saving chunks for level 'ServerLevel[New World]'/ad_astra:moon_orbit
[28Jan2025 00:02:57.176] [Server thread/INFO] [net.minecraft.server.MinecraftServer/]: Saving chunks for level 'ServerLevel[New World]'/aether:the_aether
[28Jan2025 00:02:57.177] [Server thread/INFO] [net.minecraft.server.MinecraftServer/]: Saving chunks for level 'ServerLevel[New World]'/allthemodium:the_beyond
[28Jan2025 00:02:57.179] [Server thread/INFO] [net.minecraft.server.MinecraftServer/]: Saving chunks for level 'ServerLevel[New World]'/ad_astra:mercury
[28Jan2025 00:02:57.180] [Server thread/INFO] [net.minecraft.server.MinecraftServer/]: Saving chunks for level 'ServerLevel[New World]'/allthemodium:the_other
[28Jan2025 00:02:57.181] [Server thread/INFO] [net.minecraft.server.MinecraftServer/]: Saving chunks for level 'ServerLevel[New World]'/blue_skies:everbright
[28Jan2025 00:02:57.182] [Server thread/INFO] [net.minecraft.server.MinecraftServer/]: Saving chunks for level 'ServerLevel[New World]'/ad_astra:mars_orbit
[28Jan2025 00:02:57.184] [Server thread/INFO] [net.minecraft.server.MinecraftServer/]: Saving chunks for level 'ServerLevel[New World]'/doom:doom_hell
[28Jan2025 00:02:57.185] [Server thread/INFO] [net.minecraft.server.MinecraftServer/]: Saving chunks for level 'ServerLevel[New World]'/allthemodium:mining
[28Jan2025 00:02:57.186] [Server thread/INFO] [net.minecraft.server.MinecraftServer/]: Saving chunks for level 'ServerLevel[New World]'/ad_astra:venus_orbit
[28Jan2025 00:02:57.187] [Server thread/INFO] [net.minecraft.server.MinecraftServer/]: Saving chunks for level 'ServerLevel[New World]'/deeperdarker:otherside
[28Jan2025 00:02:57.188] [Server thread/INFO] [net.minecraft.server.MinecraftServer/]: Saving chunks for level 'ServerLevel[New World]'/ad_astra:earth_orbit
[28Jan2025 00:02:57.190] [Server thread/INFO] [net.minecraft.server.MinecraftServer/]: Saving chunks for level 'ServerLevel[New World]'/ad_astra:glacio_orbit
[28Jan2025 00:02:57.191] [Server thread/INFO] [net.minecraft.server.MinecraftServer/]: Saving chunks for level 'ServerLevel[New World]'/ae2:spatial_storage
[28Jan2025 00:03:00.873] [Render thread/INFO] [xaero.map.WorldMap/]: Finalizing world map session...
[28Jan2025 00:03:00.921] [Thread-38/INFO] [xaero.map.WorldMap/]: World map cleaned normally!
[28Jan2025 00:03:00.975] [Render thread/INFO] [xaero.map.WorldMap/]: World map session finalized.
[28Jan2025 00:03:00.975] [Render thread/INFO] [xaero.hud.minimap.MinimapLogs/]: Xaero hud session finalized.
[28Jan2025 00:03:00.976] [Render thread/INFO] [mezz.jei.forge.startup.StartEventObserver/]: JEI StartEventObserver received class net.minecraftforge.client.event.ClientPlayerNetworkEvent$LoggingOut
[28Jan2025 00:03:00.976] [Render thread/INFO] [mezz.jei.forge.startup.StartEventObserver/]: JEI StartEventObserver transitioning state from JEI_STARTED to DISABLED
[28Jan2025 00:03:00.976] [Render thread/INFO] [mezz.jei.library.startup.JeiStarter/]: Stopping JEI
[28Jan2025 00:03:00.976] [Render thread/INFO] [mezz.jei.library.load.PluginCaller/]: Sending Runtime Unavailable...
[28Jan2025 00:03:00.977] [Render thread/INFO] [mezz.jei.forge.plugins.forge.ForgeGuiPlugin/]: Stopping JEI GUI
[28Jan2025 00:03:00.979] [Render thread/INFO] [mezz.jei.library.load.PluginCaller/]: Sending Runtime Unavailable took 2.537 ms
[28Jan2025 00:03:01.068] [Server thread/INFO] [net.minecraft.server.network.ServerGamePacketListenerImpl/]: heptadecagon17 lost connection: Disconnected
[28Jan2025 00:03:01.068] [Server thread/INFO] [net.minecraft.server.MinecraftServer/]: heptadecagon17 left the game
[28Jan2025 00:03:01.141] [Server thread/INFO] [net.minecraft.server.network.ServerGamePacketListenerImpl/]: Stopping singleplayer server as player logged out
[28Jan2025 00:03:01.151] [Server thread/INFO] [net.creeperhost.ftbbackups.FTBBackups/]: Shutdown Complete
[28Jan2025 00:03:01.154] [Server thread/INFO] [net.minecraft.server.MinecraftServer/]: Stopping server
[28Jan2025 00:03:01.154] [Server thread/INFO] [net.minecraft.server.MinecraftServer/]: Saving players
[28Jan2025 00:03:01.154] [Server thread/INFO] [net.minecraft.server.MinecraftServer/]: Saving worlds
[28Jan2025 00:03:01.563] [Server thread/INFO] [net.minecraft.server.MinecraftServer/]: Saving chunks for level 'ServerLevel[New World]'/minecraft:overworld
[28Jan2025 00:03:01.690] [Server thread/INFO] [net.minecraft.server.MinecraftServer/]: Saving chunks for level 'ServerLevel[New World]'/minecraft:the_nether
[28Jan2025 00:03:02.065] [Server thread/INFO] [net.minecraft.server.MinecraftServer/]: Saving chunks for level 'ServerLevel[New World]'/bloodmagic:dungeon
[28Jan2025 00:03:02.066] [Server thread/INFO] [net.minecraft.server.MinecraftServer/]: Saving chunks for level 'ServerLevel[New World]'/minecraft:the_end
[28Jan2025 00:03:02.067] [Server thread/INFO] [net.minecraft.server.MinecraftServer/]: Saving chunks for level 'ServerLevel[New World]'/ad_astra:mercury_orbit
[28Jan2025 00:03:02.068] [Server thread/INFO] [net.minecraft.server.MinecraftServer/]: Saving chunks for level 'ServerLevel[New World]'/ad_astra:moon
[28Jan2025 00:03:02.069] [Server thread/INFO] [net.minecraft.server.MinecraftServer/]: Saving chunks for level 'ServerLevel[New World]'/ad_astra:venus
[28Jan2025 00:03:02.070] [Server thread/INFO] [net.minecraft.server.MinecraftServer/]: Saving chunks for level 'ServerLevel[New World]'/ad_astra:glacio
[28Jan2025 00:03:02.070] [Server thread/INFO] [net.minecraft.server.MinecraftServer/]: Saving chunks for level 'ServerLevel[New World]'/ad_astra:mars
[28Jan2025 00:03:02.071] [Server thread/INFO] [net.minecraft.server.MinecraftServer/]: Saving chunks for level 'ServerLevel[New World]'/blue_skies:everdawn
[28Jan2025 00:03:02.072] [Server thread/INFO] [net.minecraft.server.MinecraftServer/]: Saving chunks for level 'ServerLevel[New World]'/ad_astra:moon_orbit
[28Jan2025 00:03:02.073] [Server thread/INFO] [net.minecraft.server.MinecraftServer/]: Saving chunks for level 'ServerLevel[New World]'/aether:the_aether
[28Jan2025 00:03:02.074] [Server thread/INFO] [net.minecraft.server.MinecraftServer/]: Saving chunks for level 'ServerLevel[New World]'/allthemodium:the_beyond
[28Jan2025 00:03:02.075] [Server thread/INFO] [net.minecraft.server.MinecraftServer/]: Saving chunks for level 'ServerLevel[New World]'/ad_astra:mercury
[28Jan2025 00:03:02.075] [Server thread/INFO] [net.minecraft.server.MinecraftServer/]: Saving chunks for level 'ServerLevel[New World]'/allthemodium:the_other
[28Jan2025 00:03:02.076] [Server thread/INFO] [net.minecraft.server.MinecraftServer/]: Saving chunks for level 'ServerLevel[New World]'/blue_skies:everbright
[28Jan2025 00:03:02.077] [Server thread/INFO] [net.minecraft.server.MinecraftServer/]: Saving chunks for level 'ServerLevel[New World]'/ad_astra:mars_orbit
[28Jan2025 00:03:02.078] [Server thread/INFO] [net.minecraft.server.MinecraftServer/]: Saving chunks for level 'ServerLevel[New World]'/doom:doom_hell
[28Jan2025 00:03:02.079] [Server thread/INFO] [net.minecraft.server.MinecraftServer/]: Saving chunks for level 'ServerLevel[New World]'/allthemodium:mining
[28Jan2025 00:03:02.080] [Server thread/INFO] [net.minecraft.server.MinecraftServer/]: Saving chunks for level 'ServerLevel[New World]'/ad_astra:venus_orbit
[28Jan2025 00:03:02.081] [Server thread/INFO] [net.minecraft.server.MinecraftServer/]: Saving chunks for level 'ServerLevel[New World]'/deeperdarker:otherside
[28Jan2025 00:03:02.082] [Server thread/INFO] [net.minecraft.server.MinecraftServer/]: Saving chunks for level 'ServerLevel[New World]'/ad_astra:earth_orbit
[28Jan2025 00:03:02.083] [Server thread/INFO] [net.minecraft.server.MinecraftServer/]: Saving chunks for level 'ServerLevel[New World]'/ad_astra:glacio_orbit
[28Jan2025 00:03:02.083] [Server thread/INFO] [net.minecraft.server.MinecraftServer/]: Saving chunks for level 'ServerLevel[New World]'/ae2:spatial_storage
[28Jan2025 00:03:02.260] [Server thread/INFO] [net.minecraft.server.MinecraftServer/]: ThreadedAnvilChunkStorage (New World): All chunks are saved
[28Jan2025 00:03:02.260] [Server thread/INFO] [net.minecraft.server.MinecraftServer/]: ThreadedAnvilChunkStorage (DIM-1): All chunks are saved
[28Jan2025 00:03:02.260] [Server thread/INFO] [net.minecraft.server.MinecraftServer/]: ThreadedAnvilChunkStorage (dungeon): All chunks are saved
[28Jan2025 00:03:02.260] [Server thread/INFO] [net.minecraft.server.MinecraftServer/]: ThreadedAnvilChunkStorage (DIM1): All chunks are saved
[28Jan2025 00:03:02.260] [Server thread/INFO] [net.minecraft.server.MinecraftServer/]: ThreadedAnvilChunkStorage (mercury_orbit): All chunks are saved
[28Jan2025 00:03:02.260] [Server thread/INFO] [net.minecraft.server.MinecraftServer/]: ThreadedAnvilChunkStorage (moon): All chunks are saved
[28Jan2025 00:03:02.260] [Server thread/INFO] [net.minecraft.server.MinecraftServer/]: ThreadedAnvilChunkStorage (venus): All chunks are saved
[28Jan2025 00:03:02.260] [Server thread/INFO] [net.minecraft.server.MinecraftServer/]: ThreadedAnvilChunkStorage (glacio): All chunks are saved
[28Jan2025 00:03:02.260] [Server thread/INFO] [net.minecraft.server.MinecraftServer/]: ThreadedAnvilChunkStorage (mars): All chunks are saved
[28Jan2025 00:03:02.260] [Server thread/INFO] [net.minecraft.server.MinecraftServer/]: ThreadedAnvilChunkStorage (everdawn): All chunks are saved
[28Jan2025 00:03:02.260] [Server thread/INFO] [net.minecraft.server.MinecraftServer/]: ThreadedAnvilChunkStorage (moon_orbit): All chunks are saved
[28Jan2025 00:03:02.260] [Server thread/INFO] [net.minecraft.server.MinecraftServer/]: ThreadedAnvilChunkStorage (the_aether): All chunks are saved
[28Jan2025 00:03:02.260] [Server thread/INFO] [net.minecraft.server.MinecraftServer/]: ThreadedAnvilChunkStorage (the_beyond): All chunks are saved
[28Jan2025 00:03:02.260] [Server thread/INFO] [net.minecraft.server.MinecraftServer/]: ThreadedAnvilChunkStorage (mercury): All chunks are saved
[28Jan2025 00:03:02.260] [Server thread/INFO] [net.minecraft.server.MinecraftServer/]: ThreadedAnvilChunkStorage (the_other): All chunks are saved
[28Jan2025 00:03:02.260] [Server thread/INFO] [net.minecraft.server.MinecraftServer/]: ThreadedAnvilChunkStorage (everbright): All chunks are saved
[28Jan2025 00:03:02.260] [Server thread/INFO] [net.minecraft.server.MinecraftServer/]: ThreadedAnvilChunkStorage (mars_orbit): All chunks are saved
[28Jan2025 00:03:02.260] [Server thread/INFO] [net.minecraft.server.MinecraftServer/]: ThreadedAnvilChunkStorage (doom_hell): All chunks are saved
[28Jan2025 00:03:02.260] [Server thread/INFO] [net.minecraft.server.MinecraftServer/]: ThreadedAnvilChunkStorage (mining): All chunks are saved
[28Jan2025 00:03:02.260] [Server thread/INFO] [net.minecraft.server.MinecraftServer/]: ThreadedAnvilChunkStorage (venus_orbit): All chunks are saved
[28Jan2025 00:03:02.260] [Server thread/INFO] [net.minecraft.server.MinecraftServer/]: ThreadedAnvilChunkStorage (otherside): All chunks are saved
[28Jan2025 00:03:02.260] [Server thread/INFO] [net.minecraft.server.MinecraftServer/]: ThreadedAnvilChunkStorage (earth_orbit): All chunks are saved
[28Jan2025 00:03:02.260] [Server thread/INFO] [net.minecraft.server.MinecraftServer/]: ThreadedAnvilChunkStorage (glacio_orbit): All chunks are saved
[28Jan2025 00:03:02.261] [Server thread/INFO] [net.minecraft.server.MinecraftServer/]: ThreadedAnvilChunkStorage (spatial_storage): All chunks are saved
[28Jan2025 00:03:02.261] [Server thread/INFO] [net.minecraft.server.MinecraftServer/]: ThreadedAnvilChunkStorage: All dimensions are saved
[28Jan2025 00:03:02.746] [Render thread/INFO] [ChunkBuilder/]: Stopping worker threads
[28Jan2025 00:03:03.937] [Render thread/INFO] [net.minecraft.client.Minecraft/]: Stopping!
[28Jan2025 00:03:04.054] [Render thread/INFO] [FTB Chunks/]: Shutting down map thread
