[23:44:17] [INIT] KubeJS 2001.6.5-build.16; MC 2001 forge
[23:44:17] [INIT] Loaded plugins:
[23:44:17] [INIT] - dev.latvian.mods.kubejs.forge.BuiltinKubeJSForgePlugin
[23:44:17] [INIT] - dev.latvian.mods.kubejs.forge.BuiltinKubeJSForgeClientPlugin
[23:44:17] [INIT] - com.lowdragmc.lowdraglib.kjs.LDLibKubeJSPlugin
[23:44:17] [INIT] - dev.ftb.mods.ftbxmodcompat.ftbquests.kubejs.KubeJSIntegration
[23:44:17] [INIT] - dev.ftb.mods.ftbxmodcompat.ftbchunks.kubejs.FTBChunksKubeJSPlugin
[23:44:17] [INIT] - dev.ftb.mods.ftbxmodcompat.ftbteams.kubejs.FTBTeamsKubeJSPlugin
[23:44:17] [INIT] - com.tom.createores.kubejs.KubeJSExcavation
[23:44:17] [INIT] - com.almostreliable.morejs.Plugin
[23:44:17] [INIT] - com.almostreliable.lootjs.kube.LootJSPlugin
[23:44:17] [INIT] - com.blakebr0.cucumber.compat.kubejs.CucumberKubeJSPlugin
[23:44:17] [INIT] - com.gregtechceu.gtceu.integration.kjs.GregTechKubeJSPlugin
[23:44:18] [INFO] example.js#5: Hello, World! (Loaded server scripts)
[23:44:18] [INFO] Loaded script server_scripts:example.js in 0.0 s
[23:44:18] [INFO] Loaded script server_scripts:gt_veins.js in 0.0 s
[23:44:18] [INFO] Loaded 2/2 KubeJS server scripts in 0.009 s with 0 errors and 0 warnings
[23:44:18] [INFO] Scripts loaded
[23:44:18] [WARN] Due to the way Minecraft resource loading works, KubeJS' server.log may not contain everything that happened in your server scripts on initial world creation.
[23:44:18] [WARN] You can still see the full log (including past reloads) in your latest.log file.
[23:44:24] [INFO] Server resource reload complete!
